<?xml version="1.0" encoding="UTF-8"?>
<!-- Generated by org.testng.reporters.JUnitXMLReporter -->
<testsuite ignored="2" hostname="DESKTOP-N2PLT4O" failures="0" tests="4" name="Default test" time="28.77" errors="0" timestamp="2025-05-17T12:44:22 EET">
  <testcase classname="sumayalesson1.mytest" name="login" time="0.473"/>
  <testcase classname="sumayalesson1.mytest" name="addAllItemsFromTheCart" time="12.798"/>
  <testcase classname="sumayalesson1.mytest" name="RemoveAllItems" time="12.734"/>
  <testcase classname="sumayalesson1.mytest" name="Task" time="0.35"/>
  <testcase classname="sumayalesson1.mytest" name="logout" time="0.0">
    <ignored/>
  </testcase> <!-- logout -->
  <testcase classname="sumayalesson1.mytest" name="removeItemFromTheCart" time="0.0">
    <ignored/>
  </testcase> <!-- removeItemFromTheCart -->
</testsuite> <!-- Default test -->
