<?xml version="1.0" encoding="UTF-8"?>
<testng-results ignored="2" total="6" passed="4" failed="0" skipped="0">
  <reporter-output>
  </reporter-output>
  <suite started-at="2025-05-17T12:43:53 EET" name="Default suite" finished-at="2025-05-17T12:44:22 EET" duration-ms="28770">
    <groups>
    </groups>
    <test started-at="2025-05-17T12:43:53 EET" name="Default test" finished-at="2025-05-17T12:44:22 EET" duration-ms="28770">
      <class name="sumayalesson1.mytest">
        <test-method is-config="true" signature="mySetup()[pri:0, instance:sumayalesson1.mytest@42f8285e]" started-at="2025-05-17T12:43:53 EET" name="mySetup" finished-at="2025-05-17T12:43:55 EET" duration-ms="2347" status="PASS">
          <reporter-output>
          </reporter-output>
        </test-method> <!-- mySetup -->
        <test-method signature="login()[pri:1, instance:sumayalesson1.mytest@42f8285e]" started-at="2025-05-17T12:43:55 EET" name="login" finished-at="2025-05-17T12:43:56 EET" duration-ms="473" status="PASS">
          <reporter-output>
          </reporter-output>
        </test-method> <!-- login -->
        <test-method signature="addAllItemsFromTheCart()[pri:2, instance:sumayalesson1.mytest@42f8285e]" started-at="2025-05-17T12:43:56 EET" name="addAllItemsFromTheCart" finished-at="2025-05-17T12:44:09 EET" duration-ms="12798" status="PASS">
          <reporter-output>
          </reporter-output>
        </test-method> <!-- addAllItemsFromTheCart -->
        <test-method signature="RemoveAllItems()[pri:3, instance:sumayalesson1.mytest@42f8285e]" started-at="2025-05-17T12:44:09 EET" name="RemoveAllItems" finished-at="2025-05-17T12:44:21 EET" duration-ms="12734" status="PASS">
          <reporter-output>
          </reporter-output>
        </test-method> <!-- RemoveAllItems -->
        <test-method signature="Task()[pri:4, instance:sumayalesson1.mytest@42f8285e]" started-at="2025-05-17T12:44:21 EET" name="Task" finished-at="2025-05-17T12:44:22 EET" duration-ms="350" status="PASS">
          <reporter-output>
          </reporter-output>
        </test-method> <!-- Task -->
      </class> <!-- sumayalesson1.mytest -->
    </test> <!-- Default test -->
  </suite> <!-- Default suite -->
</testng-results>
